<?xml version="1.0" encoding="UTF-8"?>
<testsuite xmlns:xsi="http://www.w3.org/2001/XMLSchema-instance" xsi:noNamespaceSchemaLocation="https://maven.apache.org/surefire/maven-surefire-plugin/xsd/surefire-test-report.xsd" name="org.powertac.samplebroker.PortfolioManagerTest" time="1.956" tests="1" errors="0" skipped="0" failures="0">
  <properties>
    <property name="java.specification.version" value="13"/>
    <property name="sun.management.compiler" value="HotSpot 64-Bit Tiered Compilers"/>
    <property name="sun.jnu.encoding" value="UTF-8"/>
    <property name="java.runtime.version" value="13.0.1+9"/>
    <property name="java.class.path" value="/home/praptis/.m2/repository/org/apache/maven/surefire/surefire-booter/2.22.2/surefire-booter-2.22.2.jar:/home/praptis/.m2/repository/org/apache/maven/surefire/surefire-api/2.22.2/surefire-api-2.22.2.jar:/home/praptis/.m2/repository/org/apache/maven/surefire/surefire-logger-api/2.22.2/surefire-logger-api-2.22.2.jar:/home/praptis/Desktop/JAVA-Folder/MAS_Proj/our-tac-agent/target/test-classes:/home/praptis/Desktop/JAVA-Folder/MAS_Proj/our-tac-agent/target/classes:/home/praptis/.m2/repository/org/powertac/broker-core/1.9.0-SNAPSHOT/broker-core-1.9.0-SNAPSHOT.jar:/home/praptis/.m2/repository/org/powertac/common/1.9.0-SNAPSHOT/common-1.9.0-SNAPSHOT.jar:/home/praptis/.m2/repository/org/powertac/powertac-metadata/1.9.0-SNAPSHOT/powertac-metadata-1.9.0-SNAPSHOT.jar:/home/praptis/.m2/repository/org/powertac/powertac-aop/1.9.0-SNAPSHOT/powertac-aop-1.9.0-SNAPSHOT.jar:/home/praptis/.m2/repository/org/aspectj/aspectjrt/1.9.7/aspectjrt-1.9.7.jar:/home/praptis/.m2/repository/commons-beanutils/commons-beanutils/1.9.4/commons-beanutils-1.9.4.jar:/home/praptis/.m2/repository/commons-collections/commons-collections/3.2.2/commons-collections-3.2.2.jar:/home/praptis/.m2/repository/org/springframework/spring-core/5.3.20/spring-core-5.3.20.jar:/home/praptis/.m2/repository/org/springframework/spring-jcl/5.3.20/spring-jcl-5.3.20.jar:/home/praptis/.m2/repository/org/springframework/spring-context/5.3.20/spring-context-5.3.20.jar:/home/praptis/.m2/repository/org/springframework/spring-expression/5.3.20/spring-expression-5.3.20.jar:/home/praptis/.m2/repository/org/springframework/spring-aop/5.3.20/spring-aop-5.3.20.jar:/home/praptis/.m2/repository/org/springframework/spring-beans/5.3.20/spring-beans-5.3.20.jar:/home/praptis/.m2/repository/org/springframework/spring-test/5.3.20/spring-test-5.3.20.jar:/home/praptis/.m2/repository/javax/annotation/javax.annotation-api/1.3.2/javax.annotation-api-1.3.2.jar:/home/praptis/.m2/repository/org/apache/logging/log4j/log4j-api/2.17.1/log4j-api-2.17.1.jar:/home/praptis/.m2/repository/org/apache/logging/log4j/log4j-core/2.17.1/log4j-core-2.17.1.jar:/home/praptis/.m2/repository/org/apache/logging/log4j/log4j-jcl/2.17.1/log4j-jcl-2.17.1.jar:/home/praptis/.m2/repository/commons-logging/commons-logging/1.2/commons-logging-1.2.jar:/home/praptis/.m2/repository/org/apache/logging/log4j/log4j-slf4j-impl/2.17.1/log4j-slf4j-impl-2.17.1.jar:/home/praptis/.m2/repository/org/slf4j/slf4j-api/1.7.28/slf4j-api-1.7.28.jar:/home/praptis/.m2/repository/javax/jms/javax.jms-api/2.0.1/javax.jms-api-2.0.1.jar:/home/praptis/.m2/repository/joda-time/joda-time/2.10.3/joda-time-2.10.3.jar:/home/praptis/.m2/repository/com/thoughtworks/xstream/xstream/1.4.19/xstream-1.4.19.jar:/home/praptis/.m2/repository/io/github/x-stream/mxparser/1.2.2/mxparser-1.2.2.jar:/home/praptis/.m2/repository/xmlpull/xmlpull/1.1.3.1/xmlpull-1.1.3.1.jar:/home/praptis/.m2/repository/org/apache/commons/commons-configuration2/2.8.0/commons-configuration2-2.8.0.jar:/home/praptis/.m2/repository/org/apache/commons/commons-text/1.9/commons-text-1.9.jar:/home/praptis/.m2/repository/org/apache/commons/commons-lang3/3.9/commons-lang3-3.9.jar:/home/praptis/.m2/repository/org/springframework/spring-jms/5.3.20/spring-jms-5.3.20.jar:/home/praptis/.m2/repository/org/springframework/spring-messaging/5.3.20/spring-messaging-5.3.20.jar:/home/praptis/.m2/repository/org/springframework/spring-tx/5.3.20/spring-tx-5.3.20.jar:/home/praptis/.m2/repository/org/apache/activemq/activemq-broker/5.15.11/activemq-broker-5.15.11.jar:/home/praptis/.m2/repository/org/apache/activemq/activemq-client/5.15.11/activemq-client-5.15.11.jar:/home/praptis/.m2/repository/org/apache/geronimo/specs/geronimo-jms_1.1_spec/1.1.1/geronimo-jms_1.1_spec-1.1.1.jar:/home/praptis/.m2/repository/org/fusesource/hawtbuf/hawtbuf/1.11/hawtbuf-1.11.jar:/home/praptis/.m2/repository/org/apache/geronimo/specs/geronimo-j2ee-management_1.1_spec/1.0.1/geronimo-j2ee-management_1.1_spec-1.0.1.jar:/home/praptis/.m2/repository/org/apache/activemq/activemq-openwire-legacy/5.15.11/activemq-openwire-legacy-5.15.11.jar:/home/praptis/.m2/repository/com/google/guava/guava/28.0-jre/guava-28.0-jre.jar:/home/praptis/.m2/repository/com/google/guava/failureaccess/1.0.1/failureaccess-1.0.1.jar:/home/praptis/.m2/repository/com/google/guava/listenablefuture/9999.0-empty-to-avoid-conflict-with-guava/listenablefuture-9999.0-empty-to-avoid-conflict-with-guava.jar:/home/praptis/.m2/repository/com/google/code/findbugs/jsr305/3.0.2/jsr305-3.0.2.jar:/home/praptis/.m2/repository/org/checkerframework/checker-qual/2.8.1/checker-qual-2.8.1.jar:/home/praptis/.m2/repository/com/google/errorprone/error_prone_annotations/2.3.2/error_prone_annotations-2.3.2.jar:/home/praptis/.m2/repository/com/google/j2objc/j2objc-annotations/1.3/j2objc-annotations-1.3.jar:/home/praptis/.m2/repository/org/codehaus/mojo/animal-sniffer-annotations/1.17/animal-sniffer-annotations-1.17.jar:/home/praptis/.m2/repository/com/fasterxml/jackson/core/jackson-databind/2.9.10.1/jackson-databind-2.9.10.1.jar:/home/praptis/.m2/repository/com/fasterxml/jackson/core/jackson-annotations/2.9.10/jackson-annotations-2.9.10.jar:/home/praptis/.m2/repository/com/fasterxml/jackson/core/jackson-core/2.9.10/jackson-core-2.9.10.jar:/home/praptis/.m2/repository/org/apache/activemq/activemq-pool/5.15.11/activemq-pool-5.15.11.jar:/home/praptis/.m2/repository/org/apache/activemq/activemq-jms-pool/5.15.11/activemq-jms-pool-5.15.11.jar:/home/praptis/.m2/repository/org/apache/geronimo/specs/geronimo-jta_1.1_spec/1.1.1/geronimo-jta_1.1_spec-1.1.1.jar:/home/praptis/.m2/repository/org/apache/commons/commons-pool2/2.7.0/commons-pool2-2.7.0.jar:/home/praptis/.m2/repository/net/sf/jopt-simple/jopt-simple/5.0.4/jopt-simple-5.0.4.jar:/home/praptis/.m2/repository/org/junit/jupiter/junit-jupiter/5.5.1/junit-jupiter-5.5.1.jar:/home/praptis/.m2/repository/org/junit/jupiter/junit-jupiter-api/5.5.1/junit-jupiter-api-5.5.1.jar:/home/praptis/.m2/repository/org/apiguardian/apiguardian-api/1.1.0/apiguardian-api-1.1.0.jar:/home/praptis/.m2/repository/org/opentest4j/opentest4j/1.2.0/opentest4j-1.2.0.jar:/home/praptis/.m2/repository/org/junit/platform/junit-platform-commons/1.5.1/junit-platform-commons-1.5.1.jar:/home/praptis/.m2/repository/org/junit/jupiter/junit-jupiter-params/5.5.1/junit-jupiter-params-5.5.1.jar:/home/praptis/.m2/repository/org/junit/jupiter/junit-jupiter-engine/5.5.1/junit-jupiter-engine-5.5.1.jar:/home/praptis/.m2/repository/org/junit/platform/junit-platform-engine/1.5.1/junit-platform-engine-1.5.1.jar:/home/praptis/.m2/repository/org/mockito/mockito-core/3.12.4/mockito-core-3.12.4.jar:/home/praptis/.m2/repository/net/bytebuddy/byte-buddy/1.11.13/byte-buddy-1.11.13.jar:/home/praptis/.m2/repository/net/bytebuddy/byte-buddy-agent/1.11.13/byte-buddy-agent-1.11.13.jar:/home/praptis/.m2/repository/org/objenesis/objenesis/3.2/objenesis-3.2.jar:/home/praptis/.m2/repository/org/apache/maven/surefire/surefire-junit-platform/2.22.2/surefire-junit-platform-2.22.2.jar:/home/praptis/.m2/repository/org/junit/platform/junit-platform-launcher/1.3.1/junit-platform-launcher-1.3.1.jar"/>
    <property name="user.name" value="praptis"/>
    <property name="java.vm.vendor" value="Oracle Corporation"/>
    <property name="path.separator" value=":"/>
    <property name="sun.arch.data.model" value="64"/>
    <property name="os.version" value="5.15.0-56-generic"/>
    <property name="java.runtime.name" value="OpenJDK Runtime Environment"/>
    <property name="file.encoding" value="UTF-8"/>
    <property name="java.vendor.url" value="https://java.oracle.com/"/>
    <property name="java.vm.name" value="OpenJDK 64-Bit Server VM"/>
    <property name="java.vm.specification.version" value="13"/>
    <property name="os.name" value="Linux"/>
    <property name="sun.java.launcher" value="SUN_STANDARD"/>
    <property name="user.country" value="US"/>
    <property name="localRepository" value="/home/praptis/.m2/repository"/>
    <property name="sun.boot.library.path" value="/opt/jdk-13.0.1/lib"/>
    <property name="sun.java.command" value="org.apache.maven.surefire.booter.ForkedBooter /home/praptis/Desktop/JAVA-Folder/MAS_Proj/our-tac-agent/target/surefire 2022-12-25T15-02-05_969-jvmRun1 surefire16559509787727267160tmp surefire_011535509632108002038tmp"/>
    <property name="java.vendor.url.bug" value="https://bugreport.java.com/bugreport/"/>
    <property name="java.io.tmpdir" value="/tmp"/>
    <property name="jdk.debug" value="release"/>
    <property name="surefire.test.class.path" value="/home/praptis/Desktop/JAVA-Folder/MAS_Proj/our-tac-agent/target/test-classes:/home/praptis/Desktop/JAVA-Folder/MAS_Proj/our-tac-agent/target/classes:/home/praptis/.m2/repository/org/powertac/broker-core/1.9.0-SNAPSHOT/broker-core-1.9.0-SNAPSHOT.jar:/home/praptis/.m2/repository/org/powertac/common/1.9.0-SNAPSHOT/common-1.9.0-SNAPSHOT.jar:/home/praptis/.m2/repository/org/powertac/powertac-metadata/1.9.0-SNAPSHOT/powertac-metadata-1.9.0-SNAPSHOT.jar:/home/praptis/.m2/repository/org/powertac/powertac-aop/1.9.0-SNAPSHOT/powertac-aop-1.9.0-SNAPSHOT.jar:/home/praptis/.m2/repository/org/aspectj/aspectjrt/1.9.7/aspectjrt-1.9.7.jar:/home/praptis/.m2/repository/commons-beanutils/commons-beanutils/1.9.4/commons-beanutils-1.9.4.jar:/home/praptis/.m2/repository/commons-collections/commons-collections/3.2.2/commons-collections-3.2.2.jar:/home/praptis/.m2/repository/org/springframework/spring-core/5.3.20/spring-core-5.3.20.jar:/home/praptis/.m2/repository/org/springframework/spring-jcl/5.3.20/spring-jcl-5.3.20.jar:/home/praptis/.m2/repository/org/springframework/spring-context/5.3.20/spring-context-5.3.20.jar:/home/praptis/.m2/repository/org/springframework/spring-expression/5.3.20/spring-expression-5.3.20.jar:/home/praptis/.m2/repository/org/springframework/spring-aop/5.3.20/spring-aop-5.3.20.jar:/home/praptis/.m2/repository/org/springframework/spring-beans/5.3.20/spring-beans-5.3.20.jar:/home/praptis/.m2/repository/org/springframework/spring-test/5.3.20/spring-test-5.3.20.jar:/home/praptis/.m2/repository/javax/annotation/javax.annotation-api/1.3.2/javax.annotation-api-1.3.2.jar:/home/praptis/.m2/repository/org/apache/logging/log4j/log4j-api/2.17.1/log4j-api-2.17.1.jar:/home/praptis/.m2/repository/org/apache/logging/log4j/log4j-core/2.17.1/log4j-core-2.17.1.jar:/home/praptis/.m2/repository/org/apache/logging/log4j/log4j-jcl/2.17.1/log4j-jcl-2.17.1.jar:/home/praptis/.m2/repository/commons-logging/commons-logging/1.2/commons-logging-1.2.jar:/home/praptis/.m2/repository/org/apache/logging/log4j/log4j-slf4j-impl/2.17.1/log4j-slf4j-impl-2.17.1.jar:/home/praptis/.m2/repository/org/slf4j/slf4j-api/1.7.28/slf4j-api-1.7.28.jar:/home/praptis/.m2/repository/javax/jms/javax.jms-api/2.0.1/javax.jms-api-2.0.1.jar:/home/praptis/.m2/repository/joda-time/joda-time/2.10.3/joda-time-2.10.3.jar:/home/praptis/.m2/repository/com/thoughtworks/xstream/xstream/1.4.19/xstream-1.4.19.jar:/home/praptis/.m2/repository/io/github/x-stream/mxparser/1.2.2/mxparser-1.2.2.jar:/home/praptis/.m2/repository/xmlpull/xmlpull/1.1.3.1/xmlpull-1.1.3.1.jar:/home/praptis/.m2/repository/org/apache/commons/commons-configuration2/2.8.0/commons-configuration2-2.8.0.jar:/home/praptis/.m2/repository/org/apache/commons/commons-text/1.9/commons-text-1.9.jar:/home/praptis/.m2/repository/org/apache/commons/commons-lang3/3.9/commons-lang3-3.9.jar:/home/praptis/.m2/repository/org/springframework/spring-jms/5.3.20/spring-jms-5.3.20.jar:/home/praptis/.m2/repository/org/springframework/spring-messaging/5.3.20/spring-messaging-5.3.20.jar:/home/praptis/.m2/repository/org/springframework/spring-tx/5.3.20/spring-tx-5.3.20.jar:/home/praptis/.m2/repository/org/apache/activemq/activemq-broker/5.15.11/activemq-broker-5.15.11.jar:/home/praptis/.m2/repository/org/apache/activemq/activemq-client/5.15.11/activemq-client-5.15.11.jar:/home/praptis/.m2/repository/org/apache/geronimo/specs/geronimo-jms_1.1_spec/1.1.1/geronimo-jms_1.1_spec-1.1.1.jar:/home/praptis/.m2/repository/org/fusesource/hawtbuf/hawtbuf/1.11/hawtbuf-1.11.jar:/home/praptis/.m2/repository/org/apache/geronimo/specs/geronimo-j2ee-management_1.1_spec/1.0.1/geronimo-j2ee-management_1.1_spec-1.0.1.jar:/home/praptis/.m2/repository/org/apache/activemq/activemq-openwire-legacy/5.15.11/activemq-openwire-legacy-5.15.11.jar:/home/praptis/.m2/repository/com/google/guava/guava/28.0-jre/guava-28.0-jre.jar:/home/praptis/.m2/repository/com/google/guava/failureaccess/1.0.1/failureaccess-1.0.1.jar:/home/praptis/.m2/repository/com/google/guava/listenablefuture/9999.0-empty-to-avoid-conflict-with-guava/listenablefuture-9999.0-empty-to-avoid-conflict-with-guava.jar:/home/praptis/.m2/repository/com/google/code/findbugs/jsr305/3.0.2/jsr305-3.0.2.jar:/home/praptis/.m2/repository/org/checkerframework/checker-qual/2.8.1/checker-qual-2.8.1.jar:/home/praptis/.m2/repository/com/google/errorprone/error_prone_annotations/2.3.2/error_prone_annotations-2.3.2.jar:/home/praptis/.m2/repository/com/google/j2objc/j2objc-annotations/1.3/j2objc-annotations-1.3.jar:/home/praptis/.m2/repository/org/codehaus/mojo/animal-sniffer-annotations/1.17/animal-sniffer-annotations-1.17.jar:/home/praptis/.m2/repository/com/fasterxml/jackson/core/jackson-databind/2.9.10.1/jackson-databind-2.9.10.1.jar:/home/praptis/.m2/repository/com/fasterxml/jackson/core/jackson-annotations/2.9.10/jackson-annotations-2.9.10.jar:/home/praptis/.m2/repository/com/fasterxml/jackson/core/jackson-core/2.9.10/jackson-core-2.9.10.jar:/home/praptis/.m2/repository/org/apache/activemq/activemq-pool/5.15.11/activemq-pool-5.15.11.jar:/home/praptis/.m2/repository/org/apache/activemq/activemq-jms-pool/5.15.11/activemq-jms-pool-5.15.11.jar:/home/praptis/.m2/repository/org/apache/geronimo/specs/geronimo-jta_1.1_spec/1.1.1/geronimo-jta_1.1_spec-1.1.1.jar:/home/praptis/.m2/repository/org/apache/commons/commons-pool2/2.7.0/commons-pool2-2.7.0.jar:/home/praptis/.m2/repository/net/sf/jopt-simple/jopt-simple/5.0.4/jopt-simple-5.0.4.jar:/home/praptis/.m2/repository/org/junit/jupiter/junit-jupiter/5.5.1/junit-jupiter-5.5.1.jar:/home/praptis/.m2/repository/org/junit/jupiter/junit-jupiter-api/5.5.1/junit-jupiter-api-5.5.1.jar:/home/praptis/.m2/repository/org/apiguardian/apiguardian-api/1.1.0/apiguardian-api-1.1.0.jar:/home/praptis/.m2/repository/org/opentest4j/opentest4j/1.2.0/opentest4j-1.2.0.jar:/home/praptis/.m2/repository/org/junit/platform/junit-platform-commons/1.5.1/junit-platform-commons-1.5.1.jar:/home/praptis/.m2/repository/org/junit/jupiter/junit-jupiter-params/5.5.1/junit-jupiter-params-5.5.1.jar:/home/praptis/.m2/repository/org/junit/jupiter/junit-jupiter-engine/5.5.1/junit-jupiter-engine-5.5.1.jar:/home/praptis/.m2/repository/org/junit/platform/junit-platform-engine/1.5.1/junit-platform-engine-1.5.1.jar:/home/praptis/.m2/repository/org/mockito/mockito-core/3.12.4/mockito-core-3.12.4.jar:/home/praptis/.m2/repository/net/bytebuddy/byte-buddy/1.11.13/byte-buddy-1.11.13.jar:/home/praptis/.m2/repository/net/bytebuddy/byte-buddy-agent/1.11.13/byte-buddy-agent-1.11.13.jar:/home/praptis/.m2/repository/org/objenesis/objenesis/3.2/objenesis-3.2.jar:"/>
    <property name="sun.cpu.endian" value="little"/>
    <property name="java.version" value="13.0.1"/>
    <property name="user.home" value="/home/praptis"/>
    <property name="user.dir" value="/home/praptis/Desktop/JAVA-Folder/MAS_Proj/our-tac-agent"/>
    <property name="os.arch" value="amd64"/>
    <property name="user.language" value="en"/>
    <property name="java.specification.vendor" value="Oracle Corporation"/>
    <property name="java.vm.specification.name" value="Java Virtual Machine Specification"/>
    <property name="java.version.date" value="2019-10-15"/>
    <property name="java.home" value="/opt/jdk-13.0.1"/>
    <property name="file.separator" value="/"/>
    <property name="basedir" value="/home/praptis/Desktop/JAVA-Folder/MAS_Proj/our-tac-agent"/>
    <property name="java.vm.compressedOopsMode" value="Zero based"/>
    <property name="line.separator" value="&#10;"/>
    <property name="java.library.path" value="/usr/java/packages/lib:/usr/lib64:/lib64:/lib:/usr/lib"/>
    <property name="java.vm.info" value="mixed mode, sharing"/>
    <property name="java.vm.specification.vendor" value="Oracle Corporation"/>
    <property name="java.specification.name" value="Java Platform API Specification"/>
    <property name="java.vendor" value="Oracle Corporation"/>
    <property name="java.vm.version" value="13.0.1+9"/>
    <property name="sun.io.unicode.encoding" value="UnicodeLittle"/>
    <property name="java.class.version" value="57.0"/>
  </properties>
  <testcase name="testCustomerBootstrap" classname="org.powertac.samplebroker.PortfolioManagerTest" time="1.937"/>
</testsuite>